<?xml version="1.0" encoding="utf-8"?><testsuites name="pytest tests"><testsuite name="pytest" errors="0" failures="0" skipped="0" tests="6" time="1.048" timestamp="2026-04-26T19:31:33.486663+00:00" hostname="agent-env-879d4235-a777-4c7f-8278-1328c663ec99"><testcase classname="backend.tests.backend_test" name="test_root_service_info" time="0.276" /><testcase classname="backend.tests.backend_test" name="test_contact_create_success" time="0.130" /><testcase classname="backend.tests.backend_test" name="test_contact_create_invalid_email" time="0.149" /><testcase classname="backend.tests.backend_test" name="test_contact_create_missing_required" time="0.110" /><testcase classname="backend.tests.backend_test" name="test_contact_create_short_name" time="0.106" /><testcase classname="backend.tests.backend_test" name="test_contact_list_returns_inquiries_without_objectid" time="0.154" /></testsuite></testsuites>